[    3337ms] [WARNING] Image with src "/screenshots/toro-full.png" has either width or height modified, but not the other. If you use CSS to change the size of your image, also include the styles 'width: "auto"' or 'height: "auto"' to maintain the aspect ratio. @ http://localhost:3002/_next/static/chunks/node_modules_next_dist_f3530cac._.js:2297
[    3778ms] [WARNING] Please ensure that the container has a non-static position, like 'relative', 'fixed', or 'absolute' to ensure scroll offset is calculated correctly. @ http://localhost:3002/_next/static/chunks/node_modules_next_dist_f3530cac._.js:2297
[   35105ms] [WARNING] Image with src "/screenshots/toro-bust.png" has either width or height modified, but not the other. If you use CSS to change the size of your image, also include the styles 'width: "auto"' or 'height: "auto"' to maintain the aspect ratio. @ http://localhost:3002/_next/static/chunks/node_modules_next_dist_f3530cac._.js:2297
[   77751ms] [WARNING] Please ensure that the container has a non-static position, like 'relative', 'fixed', or 'absolute' to ensure scroll offset is calculated correctly. @ http://localhost:3002/_next/static/chunks/node_modules_next_dist_f3530cac._.js:2297
[   77764ms] [WARNING] Image with src "/screenshots/toro-full.png" has either width or height modified, but not the other. If you use CSS to change the size of your image, also include the styles 'width: "auto"' or 'height: "auto"' to maintain the aspect ratio. @ http://localhost:3002/_next/static/chunks/node_modules_next_dist_f3530cac._.js:2297
[   77781ms] [WARNING] Image with src "/screenshots/toro-bust.png" has either width or height modified, but not the other. If you use CSS to change the size of your image, also include the styles 'width: "auto"' or 'height: "auto"' to maintain the aspect ratio. @ http://localhost:3002/_next/static/chunks/node_modules_next_dist_f3530cac._.js:2297
[  891310ms] ReferenceError: CustomCursor is not defined
    at RootLayout (about://React/Server/file:///Users/juantorres/EZ%20landing%20page/.next/dev/server/chunks/ssr/%5Broot-of-the-server%5D__266adc83._.js?23:114:269)
    at resolveErrorDev (http://localhost:3002/_next/static/chunks/node_modules_next_dist_compiled_react-server-dom-turbopack_9212ccad._.js:1894:106)
    at processFullStringRow (http://localhost:3002/_next/static/chunks/node_modules_next_dist_compiled_react-server-dom-turbopack_9212ccad._.js:2402:29)
    at processFullBinaryRow (http://localhost:3002/_next/static/chunks/node_modules_next_dist_compiled_react-server-dom-turbopack_9212ccad._.js:2361:9)
    at processBinaryChunk (http://localhost:3002/_next/static/chunks/node_modules_next_dist_compiled_react-server-dom-turbopack_9212ccad._.js:2470:221)
    at progress (http://localhost:3002/_next/static/chunks/node_modules_next_dist_compiled_react-server-dom-turbopack_9212ccad._.js:2640:13)
[  891323ms] [ERROR] Failed to load resource: the server responded with a status of 500 (Internal Server Error) @ http://localhost:3002/#como-funciona:0
[  891589ms] ReferenceError: CustomCursor is not defined
    at RootLayout (about://React/Server/file:///Users/juantorres/EZ%20landing%20page/.next/dev/server/chunks/ssr/%5Broot-of-the-server%5D__266adc83._.js?20:114:269)
    at resolveErrorDev (http://localhost:3002/_next/static/chunks/node_modules_next_dist_compiled_react-server-dom-turbopack_9212ccad._.js:1894:106)
    at processFullStringRow (http://localhost:3002/_next/static/chunks/node_modules_next_dist_compiled_react-server-dom-turbopack_9212ccad._.js:2402:29)
    at processFullBinaryRow (http://localhost:3002/_next/static/chunks/node_modules_next_dist_compiled_react-server-dom-turbopack_9212ccad._.js:2361:9)
    at processBinaryChunk (http://localhost:3002/_next/static/chunks/node_modules_next_dist_compiled_react-server-dom-turbopack_9212ccad._.js:2470:221)
    at progress (http://localhost:3002/_next/static/chunks/node_modules_next_dist_compiled_react-server-dom-turbopack_9212ccad._.js:2640:13)
[  894469ms] [WARNING] Please ensure that the container has a non-static position, like 'relative', 'fixed', or 'absolute' to ensure scroll offset is calculated correctly. @ http://localhost:3002/_next/static/chunks/node_modules_next_dist_f3530cac._.js:2297
[  894486ms] [WARNING] Image with src "/screenshots/toro-full.png" has either width or height modified, but not the other. If you use CSS to change the size of your image, also include the styles 'width: "auto"' or 'height: "auto"' to maintain the aspect ratio. @ http://localhost:3002/_next/static/chunks/node_modules_next_dist_f3530cac._.js:2297
[  908750ms] [WARNING] Image with src "/EZ_logo_transparent_v4.png" has either width or height modified, but not the other. If you use CSS to change the size of your image, also include the styles 'width: "auto"' or 'height: "auto"' to maintain the aspect ratio. @ http://localhost:3002/_next/static/chunks/node_modules_next_dist_f3530cac._.js:2297
